[2014-06-02 03:02:09] event.DEBUG: Notified event "kernel.request" to listener "Symfony\Bundle\FrameworkBundle\EventListener\SessionListener::onKernelRequest". [] []
[2014-06-02 03:02:09] event.DEBUG: Notified event "kernel.request" to listener "Symfony\Component\HttpKernel\EventListener\FragmentListener::onKernelRequest". [] []
[2014-06-02 03:02:09] event.DEBUG: Notified event "kernel.request" to listener "Symfony\Component\HttpKernel\EventListener\RouterListener::onKernelRequest". [] []
[2014-06-02 03:02:10] event.DEBUG: Notified event "kernel.exception" to listener "Symfony\Component\HttpKernel\EventListener\ExceptionListener::onKernelException". [] []
[2014-06-02 03:02:10] request.ERROR: Uncaught PHP Exception Symfony\Component\HttpKernel\Exception\NotFoundHttpException: "No route found for "GET /"" at E:\wamp\www\Symfony\vendor\symfony\symfony\src\Symfony\Component\HttpKernel\EventListener\RouterListener.php line 116 {"exception":"[object] (Symfony\\Component\\HttpKernel\\Exception\\NotFoundHttpException: No route found for \"GET /\" at E:\\wamp\\www\\Symfony\\vendor\\symfony\\symfony\\src\\Symfony\\Component\\HttpKernel\\EventListener\\RouterListener.php:116, Symfony\\Component\\Routing\\Exception\\ResourceNotFoundException:  at E:\\wamp\\www\\Symfony\\app\\cache\\prod\\appProdUrlMatcher.php:252)"} []
[2014-06-02 03:02:10] event.DEBUG: Notified event "kernel.request" to listener "closure". [] []
[2014-06-02 03:02:10] event.DEBUG: Notified event "kernel.request" to listener "Symfony\Bundle\FrameworkBundle\EventListener\SessionListener::onKernelRequest". [] []
[2014-06-02 03:02:10] event.DEBUG: Notified event "kernel.request" to listener "closure". [] []
[2014-06-02 03:02:10] event.DEBUG: Notified event "kernel.request" to listener "Symfony\Component\HttpKernel\EventListener\FragmentListener::onKernelRequest". [] []
[2014-06-02 03:02:10] event.DEBUG: Notified event "kernel.request" to listener "closure". [] []
[2014-06-02 03:02:10] event.DEBUG: Notified event "kernel.request" to listener "Symfony\Component\HttpKernel\EventListener\RouterListener::onKernelRequest". [] []
[2014-06-02 03:02:10] event.DEBUG: Notified event "kernel.request" to listener "closure". [] []
[2014-06-02 03:02:10] event.DEBUG: Notified event "kernel.request" to listener "Symfony\Component\HttpKernel\EventListener\LocaleListener::onKernelRequest". [] []
[2014-06-02 03:02:10] event.DEBUG: Notified event "kernel.request" to listener "closure". [] []
[2014-06-02 03:02:10] event.DEBUG: Notified event "kernel.request" to listener "Symfony\Component\Security\Http\Firewall::onKernelRequest". [] []
[2014-06-02 03:02:10] event.DEBUG: Notified event "kernel.request" to listener "closure". [] []
[2014-06-02 03:02:10] event.DEBUG: Notified event "kernel.request" to listener "Symfony\Component\HttpKernel\EventListener\ErrorsLoggerListener::injectLogger". [] []
[2014-06-02 03:02:11] event.DEBUG: Notified event "kernel.request" to listener "closure". [] []
[2014-06-02 03:02:11] event.DEBUG: Notified event "kernel.request" to listener "Symfony\Component\HttpKernel\EventListener\ErrorsLoggerListener::injectLogger". [] []
[2014-06-02 03:02:15] event.DEBUG: Notified event "kernel.controller" to listener "Sdz\BlogBundle\Beta\BetaListener::onKernelController". [] []
[2014-06-02 03:02:15] event.DEBUG: Notified event "kernel.controller" to listener "Sensio\Bundle\FrameworkExtraBundle\EventListener\ControllerListener::onKernelController". [] []
[2014-06-02 03:02:16] event.DEBUG: Notified event "kernel.controller" to listener "Sensio\Bundle\FrameworkExtraBundle\EventListener\ParamConverterListener::onKernelController". [] []
[2014-06-02 03:02:16] event.DEBUG: Notified event "kernel.controller" to listener "Sensio\Bundle\FrameworkExtraBundle\EventListener\TemplateListener::onKernelController". [] []
[2014-06-02 03:02:18] event.DEBUG: Notified event "kernel.response" to listener "Sdz\BlogBundle\Beta\BetaListener::onKernelResponse". [] []
[2014-06-02 03:02:18] event.DEBUG: Listener "Sdz\BlogBundle\Beta\BetaListener::onKernelResponse" stopped propagation of the event "kernel.response". [] []
[2014-06-02 03:02:18] event.DEBUG: Listener "Symfony\Component\HttpKernel\EventListener\ResponseListener::onKernelResponse" was not called for event "kernel.response". [] []
[2014-06-02 03:02:18] event.DEBUG: Listener "Symfony\Component\Security\Http\RememberMe\ResponseListener::onKernelResponse" was not called for event "kernel.response". [] []
[2014-06-02 03:02:18] event.DEBUG: Listener "Sensio\Bundle\FrameworkExtraBundle\EventListener\CacheListener::onKernelResponse" was not called for event "kernel.response". [] []
[2014-06-02 03:02:18] event.DEBUG: Listener "Symfony\Component\HttpKernel\EventListener\StreamedResponseListener::onKernelResponse" was not called for event "kernel.response". [] []
[2014-06-02 03:02:18] event.DEBUG: Listener "Symfony\Component\HttpKernel\EventListener\ExceptionListener::onKernelException" stopped propagation of the event "kernel.exception". [] []
[2014-06-02 03:02:18] event.DEBUG: Notified event "kernel.response" to listener "Sdz\BlogBundle\Beta\BetaListener::onKernelResponse". [] []
[2014-06-02 03:02:18] event.DEBUG: Listener "Sdz\BlogBundle\Beta\BetaListener::onKernelResponse" stopped propagation of the event "kernel.response". [] []
[2014-06-02 03:02:18] event.DEBUG: Listener "Symfony\Component\HttpKernel\EventListener\ResponseListener::onKernelResponse" was not called for event "kernel.response". [] []
[2014-06-02 03:02:18] event.DEBUG: Listener "Symfony\Component\Security\Http\RememberMe\ResponseListener::onKernelResponse" was not called for event "kernel.response". [] []
[2014-06-02 03:02:18] event.DEBUG: Listener "Sensio\Bundle\FrameworkExtraBundle\EventListener\CacheListener::onKernelResponse" was not called for event "kernel.response". [] []
[2014-06-02 03:02:18] event.DEBUG: Listener "Symfony\Component\HttpKernel\EventListener\StreamedResponseListener::onKernelResponse" was not called for event "kernel.response". [] []
[2014-06-02 03:02:18] event.DEBUG: Notified event "kernel.terminate" to listener "Symfony\Bundle\SwiftmailerBundle\EventListener\EmailSenderListener::onKernelTerminate". [] []
[2014-06-02 03:03:51] event.DEBUG: Notified event "kernel.request" to listener "Symfony\Bundle\FrameworkBundle\EventListener\SessionListener::onKernelRequest". [] []
[2014-06-02 03:03:51] event.DEBUG: Notified event "kernel.request" to listener "Symfony\Component\HttpKernel\EventListener\FragmentListener::onKernelRequest". [] []
[2014-06-02 03:03:51] event.DEBUG: Notified event "kernel.request" to listener "Symfony\Component\HttpKernel\EventListener\RouterListener::onKernelRequest". [] []
[2014-06-02 03:03:51] event.DEBUG: Notified event "kernel.exception" to listener "Symfony\Component\HttpKernel\EventListener\ExceptionListener::onKernelException". [] []
[2014-06-02 03:03:51] request.ERROR: Uncaught PHP Exception Symfony\Component\HttpKernel\Exception\NotFoundHttpException: "No route found for "GET /"" at E:\wamp\www\Symfony\vendor\symfony\symfony\src\Symfony\Component\HttpKernel\EventListener\RouterListener.php line 116 {"exception":"[object] (Symfony\\Component\\HttpKernel\\Exception\\NotFoundHttpException: No route found for \"GET /\" at E:\\wamp\\www\\Symfony\\vendor\\symfony\\symfony\\src\\Symfony\\Component\\HttpKernel\\EventListener\\RouterListener.php:116, Symfony\\Component\\Routing\\Exception\\ResourceNotFoundException:  at E:\\wamp\\www\\Symfony\\app\\cache\\prod\\appProdUrlMatcher.php:252)"} []
[2014-06-02 03:03:51] event.DEBUG: Notified event "kernel.request" to listener "closure". [] []
[2014-06-02 03:03:51] event.DEBUG: Notified event "kernel.request" to listener "Symfony\Bundle\FrameworkBundle\EventListener\SessionListener::onKernelRequest". [] []
[2014-06-02 03:03:51] event.DEBUG: Notified event "kernel.request" to listener "closure". [] []
[2014-06-02 03:03:51] event.DEBUG: Notified event "kernel.request" to listener "Symfony\Component\HttpKernel\EventListener\FragmentListener::onKernelRequest". [] []
[2014-06-02 03:03:51] event.DEBUG: Notified event "kernel.request" to listener "closure". [] []
[2014-06-02 03:03:51] event.DEBUG: Notified event "kernel.request" to listener "Symfony\Component\HttpKernel\EventListener\RouterListener::onKernelRequest". [] []
[2014-06-02 03:03:51] event.DEBUG: Notified event "kernel.request" to listener "closure". [] []
[2014-06-02 03:03:51] event.DEBUG: Notified event "kernel.request" to listener "Symfony\Component\HttpKernel\EventListener\LocaleListener::onKernelRequest". [] []
[2014-06-02 03:03:51] event.DEBUG: Notified event "kernel.request" to listener "closure". [] []
[2014-06-02 03:03:51] event.DEBUG: Notified event "kernel.request" to listener "Symfony\Component\Security\Http\Firewall::onKernelRequest". [] []
[2014-06-02 03:03:51] event.DEBUG: Notified event "kernel.request" to listener "closure". [] []
[2014-06-02 03:03:51] event.DEBUG: Notified event "kernel.request" to listener "Symfony\Component\HttpKernel\EventListener\ErrorsLoggerListener::injectLogger". [] []
[2014-06-02 03:03:51] event.DEBUG: Notified event "kernel.request" to listener "closure". [] []
[2014-06-02 03:03:51] event.DEBUG: Notified event "kernel.request" to listener "Symfony\Component\HttpKernel\EventListener\ErrorsLoggerListener::injectLogger". [] []
[2014-06-02 03:03:51] event.DEBUG: Notified event "kernel.controller" to listener "Sdz\BlogBundle\Beta\BetaListener::onKernelController". [] []
[2014-06-02 03:03:51] event.DEBUG: Notified event "kernel.controller" to listener "Sensio\Bundle\FrameworkExtraBundle\EventListener\ControllerListener::onKernelController". [] []
[2014-06-02 03:03:51] event.DEBUG: Notified event "kernel.controller" to listener "Sensio\Bundle\FrameworkExtraBundle\EventListener\ParamConverterListener::onKernelController". [] []
[2014-06-02 03:03:51] event.DEBUG: Notified event "kernel.controller" to listener "Sensio\Bundle\FrameworkExtraBundle\EventListener\TemplateListener::onKernelController". [] []
[2014-06-02 03:03:51] event.DEBUG: Notified event "kernel.response" to listener "Sdz\BlogBundle\Beta\BetaListener::onKernelResponse". [] []
[2014-06-02 03:03:51] event.DEBUG: Listener "Sdz\BlogBundle\Beta\BetaListener::onKernelResponse" stopped propagation of the event "kernel.response". [] []
[2014-06-02 03:03:51] event.DEBUG: Listener "Symfony\Component\HttpKernel\EventListener\ResponseListener::onKernelResponse" was not called for event "kernel.response". [] []
[2014-06-02 03:03:51] event.DEBUG: Listener "Symfony\Component\Security\Http\RememberMe\ResponseListener::onKernelResponse" was not called for event "kernel.response". [] []
[2014-06-02 03:03:51] event.DEBUG: Listener "Sensio\Bundle\FrameworkExtraBundle\EventListener\CacheListener::onKernelResponse" was not called for event "kernel.response". [] []
[2014-06-02 03:03:51] event.DEBUG: Listener "Symfony\Component\HttpKernel\EventListener\StreamedResponseListener::onKernelResponse" was not called for event "kernel.response". [] []
[2014-06-02 03:03:51] event.DEBUG: Listener "Symfony\Component\HttpKernel\EventListener\ExceptionListener::onKernelException" stopped propagation of the event "kernel.exception". [] []
[2014-06-02 03:03:51] event.DEBUG: Notified event "kernel.response" to listener "Sdz\BlogBundle\Beta\BetaListener::onKernelResponse". [] []
[2014-06-02 03:03:51] event.DEBUG: Listener "Sdz\BlogBundle\Beta\BetaListener::onKernelResponse" stopped propagation of the event "kernel.response". [] []
[2014-06-02 03:03:51] event.DEBUG: Listener "Symfony\Component\HttpKernel\EventListener\ResponseListener::onKernelResponse" was not called for event "kernel.response". [] []
[2014-06-02 03:03:51] event.DEBUG: Listener "Symfony\Component\Security\Http\RememberMe\ResponseListener::onKernelResponse" was not called for event "kernel.response". [] []
[2014-06-02 03:03:51] event.DEBUG: Listener "Sensio\Bundle\FrameworkExtraBundle\EventListener\CacheListener::onKernelResponse" was not called for event "kernel.response". [] []
[2014-06-02 03:03:51] event.DEBUG: Listener "Symfony\Component\HttpKernel\EventListener\StreamedResponseListener::onKernelResponse" was not called for event "kernel.response". [] []
[2014-06-02 03:03:51] event.DEBUG: Notified event "kernel.terminate" to listener "Symfony\Bundle\SwiftmailerBundle\EventListener\EmailSenderListener::onKernelTerminate". [] []
[2014-06-10 14:25:24] event.DEBUG: Notified event "kernel.request" to listener "Symfony\Bundle\FrameworkBundle\EventListener\SessionListener::onKernelRequest". [] []
[2014-06-10 14:25:24] event.DEBUG: Notified event "kernel.request" to listener "Symfony\Component\HttpKernel\EventListener\FragmentListener::onKernelRequest". [] []
[2014-06-10 14:25:24] event.DEBUG: Notified event "kernel.request" to listener "Symfony\Component\HttpKernel\EventListener\RouterListener::onKernelRequest". [] []
[2014-06-10 14:25:26] event.DEBUG: Notified event "kernel.exception" to listener "Symfony\Component\HttpKernel\EventListener\ExceptionListener::onKernelException". [] []
[2014-06-10 14:25:26] request.ERROR: Uncaught PHP Exception Symfony\Component\HttpKernel\Exception\NotFoundHttpException: "No route found for "GET /"" at E:\wamp\www\Symfony\vendor\symfony\symfony\src\Symfony\Component\HttpKernel\EventListener\RouterListener.php line 116 {"exception":"[object] (Symfony\\Component\\HttpKernel\\Exception\\NotFoundHttpException: No route found for \"GET /\" at E:\\wamp\\www\\Symfony\\vendor\\symfony\\symfony\\src\\Symfony\\Component\\HttpKernel\\EventListener\\RouterListener.php:116, Symfony\\Component\\Routing\\Exception\\ResourceNotFoundException:  at E:\\wamp\\www\\Symfony\\app\\cache\\prod\\appProdUrlMatcher.php:252)"} []
[2014-06-10 14:25:26] event.DEBUG: Notified event "kernel.request" to listener "closure". [] []
[2014-06-10 14:25:26] event.DEBUG: Notified event "kernel.request" to listener "Symfony\Bundle\FrameworkBundle\EventListener\SessionListener::onKernelRequest". [] []
[2014-06-10 14:25:26] event.DEBUG: Notified event "kernel.request" to listener "closure". [] []
[2014-06-10 14:25:26] event.DEBUG: Notified event "kernel.request" to listener "Symfony\Component\HttpKernel\EventListener\FragmentListener::onKernelRequest". [] []
[2014-06-10 14:25:26] event.DEBUG: Notified event "kernel.request" to listener "closure". [] []
[2014-06-10 14:25:26] event.DEBUG: Notified event "kernel.request" to listener "Symfony\Component\HttpKernel\EventListener\RouterListener::onKernelRequest". [] []
[2014-06-10 14:25:26] event.DEBUG: Notified event "kernel.request" to listener "closure". [] []
[2014-06-10 14:25:26] event.DEBUG: Notified event "kernel.request" to listener "Symfony\Component\HttpKernel\EventListener\LocaleListener::onKernelRequest". [] []
[2014-06-10 14:25:26] event.DEBUG: Notified event "kernel.request" to listener "closure". [] []
[2014-06-10 14:25:26] event.DEBUG: Notified event "kernel.request" to listener "Symfony\Component\Security\Http\Firewall::onKernelRequest". [] []
[2014-06-10 14:25:26] event.DEBUG: Notified event "kernel.request" to listener "closure". [] []
[2014-06-10 14:25:26] event.DEBUG: Notified event "kernel.request" to listener "Symfony\Component\HttpKernel\EventListener\ErrorsLoggerListener::injectLogger". [] []
[2014-06-10 14:25:26] event.DEBUG: Notified event "kernel.request" to listener "closure". [] []
[2014-06-10 14:25:26] event.DEBUG: Notified event "kernel.request" to listener "Symfony\Component\HttpKernel\EventListener\ErrorsLoggerListener::injectLogger". [] []
[2014-06-10 14:25:29] event.DEBUG: Notified event "kernel.controller" to listener "Sdz\BlogBundle\Beta\BetaListener::onKernelController". [] []
[2014-06-10 14:25:29] event.DEBUG: Notified event "kernel.controller" to listener "Sensio\Bundle\FrameworkExtraBundle\EventListener\ControllerListener::onKernelController". [] []
[2014-06-10 14:25:29] event.DEBUG: Notified event "kernel.controller" to listener "Sensio\Bundle\FrameworkExtraBundle\EventListener\ParamConverterListener::onKernelController". [] []
[2014-06-10 14:25:29] event.DEBUG: Notified event "kernel.controller" to listener "Sensio\Bundle\FrameworkExtraBundle\EventListener\TemplateListener::onKernelController". [] []
[2014-06-10 14:25:32] event.DEBUG: Notified event "kernel.response" to listener "Sdz\BlogBundle\Beta\BetaListener::onKernelResponse". [] []
[2014-06-10 14:25:32] event.DEBUG: Listener "Sdz\BlogBundle\Beta\BetaListener::onKernelResponse" stopped propagation of the event "kernel.response". [] []
[2014-06-10 14:25:32] event.DEBUG: Listener "Symfony\Component\HttpKernel\EventListener\ResponseListener::onKernelResponse" was not called for event "kernel.response". [] []
[2014-06-10 14:25:32] event.DEBUG: Listener "Symfony\Component\Security\Http\RememberMe\ResponseListener::onKernelResponse" was not called for event "kernel.response". [] []
[2014-06-10 14:25:32] event.DEBUG: Listener "Sensio\Bundle\FrameworkExtraBundle\EventListener\CacheListener::onKernelResponse" was not called for event "kernel.response". [] []
[2014-06-10 14:25:32] event.DEBUG: Listener "Symfony\Component\HttpKernel\EventListener\StreamedResponseListener::onKernelResponse" was not called for event "kernel.response". [] []
[2014-06-10 14:25:32] event.DEBUG: Listener "Symfony\Component\HttpKernel\EventListener\ExceptionListener::onKernelException" stopped propagation of the event "kernel.exception". [] []
[2014-06-10 14:25:32] event.DEBUG: Notified event "kernel.response" to listener "Sdz\BlogBundle\Beta\BetaListener::onKernelResponse". [] []
[2014-06-10 14:25:32] event.DEBUG: Listener "Sdz\BlogBundle\Beta\BetaListener::onKernelResponse" stopped propagation of the event "kernel.response". [] []
[2014-06-10 14:25:32] event.DEBUG: Listener "Symfony\Component\HttpKernel\EventListener\ResponseListener::onKernelResponse" was not called for event "kernel.response". [] []
[2014-06-10 14:25:32] event.DEBUG: Listener "Symfony\Component\Security\Http\RememberMe\ResponseListener::onKernelResponse" was not called for event "kernel.response". [] []
[2014-06-10 14:25:32] event.DEBUG: Listener "Sensio\Bundle\FrameworkExtraBundle\EventListener\CacheListener::onKernelResponse" was not called for event "kernel.response". [] []
[2014-06-10 14:25:32] event.DEBUG: Listener "Symfony\Component\HttpKernel\EventListener\StreamedResponseListener::onKernelResponse" was not called for event "kernel.response". [] []
[2014-06-10 14:25:32] event.DEBUG: Notified event "kernel.terminate" to listener "Symfony\Bundle\SwiftmailerBundle\EventListener\EmailSenderListener::onKernelTerminate". [] []
[2015-01-06 18:11:39] event.DEBUG: Notified event "kernel.request" to listener "Symfony\Bundle\FrameworkBundle\EventListener\SessionListener::onKernelRequest". [] []
[2015-01-06 18:11:40] event.DEBUG: Notified event "kernel.request" to listener "Symfony\Component\HttpKernel\EventListener\FragmentListener::onKernelRequest". [] []
[2015-01-06 18:11:40] event.DEBUG: Notified event "kernel.request" to listener "Symfony\Component\HttpKernel\EventListener\FragmentListener::onKernelRequest". [] []
[2015-01-06 18:11:40] event.DEBUG: Notified event "kernel.request" to listener "Symfony\Component\HttpKernel\EventListener\RouterListener::onKernelRequest". [] []
[2015-01-06 18:11:40] event.DEBUG: Notified event "kernel.request" to listener "Symfony\Component\HttpKernel\EventListener\RouterListener::onKernelRequest". [] []
[2015-01-06 18:11:41] event.DEBUG: Notified event "kernel.exception" to listener "Symfony\Component\HttpKernel\EventListener\ExceptionListener::onKernelException". [] []
[2015-01-06 18:11:41] event.DEBUG: Notified event "kernel.exception" to listener "Symfony\Component\HttpKernel\EventListener\ExceptionListener::onKernelException". [] []
[2015-01-06 18:11:41] request.ERROR: Uncaught PHP Exception Symfony\Component\HttpKernel\Exception\NotFoundHttpException: "No route found for "GET /"" at E:\wamp\www\Symfony\vendor\symfony\symfony\src\Symfony\Component\HttpKernel\EventListener\RouterListener.php line 116 {"exception":"[object] (Symfony\\Component\\HttpKernel\\Exception\\NotFoundHttpException: No route found for \"GET /\" at E:\\wamp\\www\\Symfony\\vendor\\symfony\\symfony\\src\\Symfony\\Component\\HttpKernel\\EventListener\\RouterListener.php:116, Symfony\\Component\\Routing\\Exception\\ResourceNotFoundException:  at E:\\wamp\\www\\Symfony\\app\\cache\\prod\\appProdUrlMatcher.php:252)"} []
[2015-01-06 18:11:41] request.ERROR: Uncaught PHP Exception Symfony\Component\HttpKernel\Exception\NotFoundHttpException: "No route found for "GET /"" at E:\wamp\www\Symfony\vendor\symfony\symfony\src\Symfony\Component\HttpKernel\EventListener\RouterListener.php line 116 {"exception":"[object] (Symfony\\Component\\HttpKernel\\Exception\\NotFoundHttpException: No route found for \"GET /\" at E:\\wamp\\www\\Symfony\\vendor\\symfony\\symfony\\src\\Symfony\\Component\\HttpKernel\\EventListener\\RouterListener.php:116, Symfony\\Component\\Routing\\Exception\\ResourceNotFoundException:  at E:\\wamp\\www\\Symfony\\app\\cache\\prod\\appProdUrlMatcher.php:252)"} []
[2015-01-06 18:11:42] event.DEBUG: Notified event "kernel.request" to listener "closure". [] []
[2015-01-06 18:11:42] event.DEBUG: Notified event "kernel.request" to listener "closure". [] []
[2015-01-06 18:11:42] event.DEBUG: Notified event "kernel.request" to listener "Symfony\Bundle\FrameworkBundle\EventListener\SessionListener::onKernelRequest". [] []
[2015-01-06 18:11:42] event.DEBUG: Notified event "kernel.request" to listener "Symfony\Bundle\FrameworkBundle\EventListener\SessionListener::onKernelRequest". [] []
[2015-01-06 18:11:42] event.DEBUG: Notified event "kernel.request" to listener "closure". [] []
[2015-01-06 18:11:42] event.DEBUG: Notified event "kernel.request" to listener "closure". [] []
[2015-01-06 18:11:42] event.DEBUG: Notified event "kernel.request" to listener "Symfony\Component\HttpKernel\EventListener\FragmentListener::onKernelRequest". [] []
[2015-01-06 18:11:42] event.DEBUG: Notified event "kernel.request" to listener "Symfony\Component\HttpKernel\EventListener\FragmentListener::onKernelRequest". [] []
[2015-01-06 18:11:42] event.DEBUG: Notified event "kernel.request" to listener "closure". [] []
[2015-01-06 18:11:42] event.DEBUG: Notified event "kernel.request" to listener "Symfony\Component\HttpKernel\EventListener\RouterListener::onKernelRequest". [] []
[2015-01-06 18:11:42] event.DEBUG: Notified event "kernel.request" to listener "closure". [] []
[2015-01-06 18:11:42] event.DEBUG: Notified event "kernel.request" to listener "Symfony\Component\HttpKernel\EventListener\RouterListener::onKernelRequest". [] []
[2015-01-06 18:11:42] event.DEBUG: Notified event "kernel.request" to listener "closure". [] []
[2015-01-06 18:11:42] event.DEBUG: Notified event "kernel.request" to listener "Symfony\Component\HttpKernel\EventListener\LocaleListener::onKernelRequest". [] []
[2015-01-06 18:11:42] event.DEBUG: Notified event "kernel.request" to listener "closure". [] []
[2015-01-06 18:11:42] event.DEBUG: Notified event "kernel.request" to listener "Symfony\Component\HttpKernel\EventListener\LocaleListener::onKernelRequest". [] []
[2015-01-06 18:11:42] event.DEBUG: Notified event "kernel.request" to listener "closure". [] []
[2015-01-06 18:11:42] event.DEBUG: Notified event "kernel.request" to listener "closure". [] []
[2015-01-06 18:11:42] event.DEBUG: Notified event "kernel.request" to listener "Symfony\Component\Security\Http\Firewall::onKernelRequest". [] []
[2015-01-06 18:11:42] event.DEBUG: Notified event "kernel.request" to listener "Symfony\Component\Security\Http\Firewall::onKernelRequest". [] []
[2015-01-06 18:11:42] event.DEBUG: Notified event "kernel.request" to listener "closure". [] []
[2015-01-06 18:11:42] event.DEBUG: Notified event "kernel.request" to listener "closure". [] []
[2015-01-06 18:11:42] event.DEBUG: Notified event "kernel.request" to listener "Symfony\Component\HttpKernel\EventListener\ErrorsLoggerListener::injectLogger". [] []
[2015-01-06 18:11:42] event.DEBUG: Notified event "kernel.request" to listener "Symfony\Component\HttpKernel\EventListener\ErrorsLoggerListener::injectLogger". [] []
[2015-01-06 18:11:42] event.DEBUG: Notified event "kernel.request" to listener "closure". [] []
[2015-01-06 18:11:42] event.DEBUG: Notified event "kernel.request" to listener "Symfony\Component\HttpKernel\EventListener\ErrorsLoggerListener::injectLogger". [] []
[2015-01-06 18:11:42] event.DEBUG: Notified event "kernel.request" to listener "Symfony\Component\HttpKernel\EventListener\ErrorsLoggerListener::injectLogger". [] []
[2015-01-06 18:12:01] event.DEBUG: Notified event "kernel.controller" to listener "Sdz\BlogBundle\Beta\BetaListener::onKernelController". [] []
[2015-01-06 18:12:01] event.DEBUG: Notified event "kernel.controller" to listener "Sdz\BlogBundle\Beta\BetaListener::onKernelController". [] []
[2015-01-06 18:12:01] event.DEBUG: Notified event "kernel.controller" to listener "Sensio\Bundle\FrameworkExtraBundle\EventListener\ControllerListener::onKernelController". [] []
[2015-01-06 18:12:01] event.DEBUG: Notified event "kernel.controller" to listener "Sensio\Bundle\FrameworkExtraBundle\EventListener\ControllerListener::onKernelController". [] []
[2015-01-06 18:12:01] event.DEBUG: Notified event "kernel.controller" to listener "Sensio\Bundle\FrameworkExtraBundle\EventListener\ParamConverterListener::onKernelController". [] []
[2015-01-06 18:12:01] event.DEBUG: Notified event "kernel.controller" to listener "Sensio\Bundle\FrameworkExtraBundle\EventListener\ParamConverterListener::onKernelController". [] []
[2015-01-06 18:12:01] event.DEBUG: Notified event "kernel.controller" to listener "Sensio\Bundle\FrameworkExtraBundle\EventListener\TemplateListener::onKernelController". [] []
[2015-01-06 18:12:01] event.DEBUG: Notified event "kernel.controller" to listener "Sensio\Bundle\FrameworkExtraBundle\EventListener\TemplateListener::onKernelController". [] []
[2015-01-06 18:12:01] event.DEBUG: Notified event "kernel.response" to listener "Sdz\BlogBundle\Beta\BetaListener::onKernelResponse". [] []
[2015-01-06 18:12:01] event.DEBUG: Listener "Sdz\BlogBundle\Beta\BetaListener::onKernelResponse" stopped propagation of the event "kernel.response". [] []
[2015-01-06 18:12:01] event.DEBUG: Listener "Symfony\Component\HttpKernel\EventListener\ResponseListener::onKernelResponse" was not called for event "kernel.response". [] []
[2015-01-06 18:12:01] event.DEBUG: Listener "Symfony\Component\Security\Http\RememberMe\ResponseListener::onKernelResponse" was not called for event "kernel.response". [] []
[2015-01-06 18:12:01] event.DEBUG: Listener "Sensio\Bundle\FrameworkExtraBundle\EventListener\CacheListener::onKernelResponse" was not called for event "kernel.response". [] []
[2015-01-06 18:12:01] event.DEBUG: Listener "Symfony\Component\HttpKernel\EventListener\StreamedResponseListener::onKernelResponse" was not called for event "kernel.response". [] []
[2015-01-06 18:12:01] event.DEBUG: Listener "Symfony\Component\HttpKernel\EventListener\ExceptionListener::onKernelException" stopped propagation of the event "kernel.exception". [] []
[2015-01-06 18:12:01] event.DEBUG: Notified event "kernel.response" to listener "Sdz\BlogBundle\Beta\BetaListener::onKernelResponse". [] []
[2015-01-06 18:12:01] event.DEBUG: Listener "Sdz\BlogBundle\Beta\BetaListener::onKernelResponse" stopped propagation of the event "kernel.response". [] []
[2015-01-06 18:12:01] event.DEBUG: Listener "Symfony\Component\HttpKernel\EventListener\ResponseListener::onKernelResponse" was not called for event "kernel.response". [] []
[2015-01-06 18:12:01] event.DEBUG: Listener "Symfony\Component\Security\Http\RememberMe\ResponseListener::onKernelResponse" was not called for event "kernel.response". [] []
[2015-01-06 18:12:01] event.DEBUG: Listener "Sensio\Bundle\FrameworkExtraBundle\EventListener\CacheListener::onKernelResponse" was not called for event "kernel.response". [] []
[2015-01-06 18:12:01] event.DEBUG: Listener "Symfony\Component\HttpKernel\EventListener\StreamedResponseListener::onKernelResponse" was not called for event "kernel.response". [] []
[2015-01-06 18:12:01] event.DEBUG: Notified event "kernel.response" to listener "Sdz\BlogBundle\Beta\BetaListener::onKernelResponse". [] []
[2015-01-06 18:12:01] event.DEBUG: Listener "Sdz\BlogBundle\Beta\BetaListener::onKernelResponse" stopped propagation of the event "kernel.response". [] []
[2015-01-06 18:12:01] event.DEBUG: Listener "Symfony\Component\HttpKernel\EventListener\ResponseListener::onKernelResponse" was not called for event "kernel.response". [] []
[2015-01-06 18:12:01] event.DEBUG: Listener "Symfony\Component\Security\Http\RememberMe\ResponseListener::onKernelResponse" was not called for event "kernel.response". [] []
[2015-01-06 18:12:01] event.DEBUG: Listener "Sensio\Bundle\FrameworkExtraBundle\EventListener\CacheListener::onKernelResponse" was not called for event "kernel.response". [] []
[2015-01-06 18:12:01] event.DEBUG: Listener "Symfony\Component\HttpKernel\EventListener\StreamedResponseListener::onKernelResponse" was not called for event "kernel.response". [] []
[2015-01-06 18:12:01] event.DEBUG: Listener "Symfony\Component\HttpKernel\EventListener\ExceptionListener::onKernelException" stopped propagation of the event "kernel.exception". [] []
[2015-01-06 18:12:01] event.DEBUG: Notified event "kernel.response" to listener "Sdz\BlogBundle\Beta\BetaListener::onKernelResponse". [] []
[2015-01-06 18:12:01] event.DEBUG: Listener "Sdz\BlogBundle\Beta\BetaListener::onKernelResponse" stopped propagation of the event "kernel.response". [] []
[2015-01-06 18:12:01] event.DEBUG: Listener "Symfony\Component\HttpKernel\EventListener\ResponseListener::onKernelResponse" was not called for event "kernel.response". [] []
[2015-01-06 18:12:01] event.DEBUG: Notified event "kernel.terminate" to listener "Symfony\Bundle\SwiftmailerBundle\EventListener\EmailSenderListener::onKernelTerminate". [] []
[2015-01-06 18:12:01] event.DEBUG: Listener "Symfony\Component\Security\Http\RememberMe\ResponseListener::onKernelResponse" was not called for event "kernel.response". [] []
[2015-01-06 18:12:01] event.DEBUG: Listener "Sensio\Bundle\FrameworkExtraBundle\EventListener\CacheListener::onKernelResponse" was not called for event "kernel.response". [] []
[2015-01-06 18:12:01] event.DEBUG: Listener "Symfony\Component\HttpKernel\EventListener\StreamedResponseListener::onKernelResponse" was not called for event "kernel.response". [] []
[2015-01-06 18:12:01] event.DEBUG: Notified event "kernel.terminate" to listener "Symfony\Bundle\SwiftmailerBundle\EventListener\EmailSenderListener::onKernelTerminate". [] []
[2015-12-01 09:56:22] event.DEBUG: Notified event "kernel.request" to listener "Symfony\Bundle\FrameworkBundle\EventListener\SessionListener::onKernelRequest". [] []
[2015-12-01 09:56:22] event.DEBUG: Notified event "kernel.request" to listener "Symfony\Bundle\FrameworkBundle\EventListener\SessionListener::onKernelRequest". [] []
[2015-12-01 09:56:22] event.DEBUG: Notified event "kernel.request" to listener "Symfony\Component\HttpKernel\EventListener\FragmentListener::onKernelRequest". [] []
[2015-12-01 09:56:22] event.DEBUG: Notified event "kernel.request" to listener "Symfony\Component\HttpKernel\EventListener\FragmentListener::onKernelRequest". [] []
[2015-12-01 09:56:22] event.DEBUG: Notified event "kernel.request" to listener "Symfony\Component\HttpKernel\EventListener\RouterListener::onKernelRequest". [] []
[2015-12-01 09:56:22] event.DEBUG: Notified event "kernel.request" to listener "Symfony\Component\HttpKernel\EventListener\RouterListener::onKernelRequest". [] []
[2015-12-01 09:56:23] event.DEBUG: Notified event "kernel.exception" to listener "Symfony\Component\HttpKernel\EventListener\ExceptionListener::onKernelException". [] []
[2015-12-01 09:56:23] event.DEBUG: Notified event "kernel.exception" to listener "Symfony\Component\HttpKernel\EventListener\ExceptionListener::onKernelException". [] []
[2015-12-01 09:56:23] request.ERROR: Uncaught PHP Exception Symfony\Component\HttpKernel\Exception\NotFoundHttpException: "No route found for "GET /"" at E:\wamp\www\Symfony\app\cache\prod\classes.php line 1890 {"exception":"[object] (Symfony\\Component\\HttpKernel\\Exception\\NotFoundHttpException: No route found for \"GET /\" at E:\\wamp\\www\\Symfony\\app\\cache\\prod\\classes.php:1890, Symfony\\Component\\Routing\\Exception\\ResourceNotFoundException:  at E:\\wamp\\www\\Symfony\\app\\cache\\prod\\appProdUrlMatcher.php:252)"} []
[2015-12-01 09:56:23] request.ERROR: Uncaught PHP Exception Symfony\Component\HttpKernel\Exception\NotFoundHttpException: "No route found for "GET /"" at E:\wamp\www\Symfony\app\cache\prod\classes.php line 1890 {"exception":"[object] (Symfony\\Component\\HttpKernel\\Exception\\NotFoundHttpException: No route found for \"GET /\" at E:\\wamp\\www\\Symfony\\app\\cache\\prod\\classes.php:1890, Symfony\\Component\\Routing\\Exception\\ResourceNotFoundException:  at E:\\wamp\\www\\Symfony\\app\\cache\\prod\\appProdUrlMatcher.php:252)"} []
[2015-12-01 09:56:23] event.DEBUG: Notified event "kernel.request" to listener "closure". [] []
[2015-12-01 09:56:23] event.DEBUG: Notified event "kernel.request" to listener "Symfony\Bundle\FrameworkBundle\EventListener\SessionListener::onKernelRequest". [] []
[2015-12-01 09:56:23] event.DEBUG: Notified event "kernel.request" to listener "closure". [] []
[2015-12-01 09:56:23] event.DEBUG: Notified event "kernel.request" to listener "closure". [] []
[2015-12-01 09:56:23] event.DEBUG: Notified event "kernel.request" to listener "Symfony\Bundle\FrameworkBundle\EventListener\SessionListener::onKernelRequest". [] []
[2015-12-01 09:56:23] event.DEBUG: Notified event "kernel.request" to listener "Symfony\Component\HttpKernel\EventListener\FragmentListener::onKernelRequest". [] []
[2015-12-01 09:56:23] event.DEBUG: Notified event "kernel.request" to listener "closure". [] []
[2015-12-01 09:56:23] event.DEBUG: Notified event "kernel.request" to listener "closure". [] []
[2015-12-01 09:56:23] event.DEBUG: Notified event "kernel.request" to listener "Symfony\Component\HttpKernel\EventListener\FragmentListener::onKernelRequest". [] []
[2015-12-01 09:56:23] event.DEBUG: Notified event "kernel.request" to listener "Symfony\Component\HttpKernel\EventListener\RouterListener::onKernelRequest". [] []
[2015-12-01 09:56:23] event.DEBUG: Notified event "kernel.request" to listener "closure". [] []
[2015-12-01 09:56:23] event.DEBUG: Notified event "kernel.request" to listener "Symfony\Component\HttpKernel\EventListener\RouterListener::onKernelRequest". [] []
[2015-12-01 09:56:23] event.DEBUG: Notified event "kernel.request" to listener "closure". [] []
[2015-12-01 09:56:23] event.DEBUG: Notified event "kernel.request" to listener "closure". [] []
[2015-12-01 09:56:23] event.DEBUG: Notified event "kernel.request" to listener "Symfony\Component\HttpKernel\EventListener\LocaleListener::onKernelRequest". [] []
[2015-12-01 09:56:23] event.DEBUG: Notified event "kernel.request" to listener "Symfony\Component\HttpKernel\EventListener\LocaleListener::onKernelRequest". [] []
[2015-12-01 09:56:23] event.DEBUG: Notified event "kernel.request" to listener "closure". [] []
[2015-12-01 09:56:23] event.DEBUG: Notified event "kernel.request" to listener "closure". [] []
[2015-12-01 09:56:23] event.DEBUG: Notified event "kernel.request" to listener "Symfony\Component\Security\Http\Firewall::onKernelRequest". [] []
[2015-12-01 09:56:23] event.DEBUG: Notified event "kernel.request" to listener "Symfony\Component\Security\Http\Firewall::onKernelRequest". [] []
[2015-12-01 09:56:23] event.DEBUG: Notified event "kernel.request" to listener "closure". [] []
[2015-12-01 09:56:23] event.DEBUG: Notified event "kernel.request" to listener "Symfony\Component\HttpKernel\EventListener\ErrorsLoggerListener::injectLogger". [] []
[2015-12-01 09:56:23] event.DEBUG: Notified event "kernel.request" to listener "closure". [] []
[2015-12-01 09:56:23] event.DEBUG: Notified event "kernel.request" to listener "Symfony\Component\HttpKernel\EventListener\ErrorsLoggerListener::injectLogger". [] []
[2015-12-01 09:56:24] event.DEBUG: Notified event "kernel.request" to listener "closure". [] []
[2015-12-01 09:56:24] event.DEBUG: Notified event "kernel.request" to listener "closure". [] []
[2015-12-01 09:56:24] event.DEBUG: Notified event "kernel.request" to listener "Symfony\Component\HttpKernel\EventListener\ErrorsLoggerListener::injectLogger". [] []
[2015-12-01 09:56:24] event.DEBUG: Notified event "kernel.request" to listener "Symfony\Component\HttpKernel\EventListener\ErrorsLoggerListener::injectLogger". [] []
[2015-12-01 09:56:46] event.DEBUG: Notified event "kernel.controller" to listener "Sdz\BlogBundle\Beta\BetaListener::onKernelController". [] []
[2015-12-01 09:56:46] event.DEBUG: Notified event "kernel.controller" to listener "Sdz\BlogBundle\Beta\BetaListener::onKernelController". [] []
[2015-12-01 09:56:46] event.DEBUG: Notified event "kernel.controller" to listener "Sensio\Bundle\FrameworkExtraBundle\EventListener\ControllerListener::onKernelController". [] []
[2015-12-01 09:56:46] event.DEBUG: Notified event "kernel.controller" to listener "Sensio\Bundle\FrameworkExtraBundle\EventListener\ControllerListener::onKernelController". [] []
[2015-12-01 09:56:46] event.DEBUG: Notified event "kernel.controller" to listener "Sensio\Bundle\FrameworkExtraBundle\EventListener\ParamConverterListener::onKernelController". [] []
[2015-12-01 09:56:46] event.DEBUG: Notified event "kernel.controller" to listener "Sensio\Bundle\FrameworkExtraBundle\EventListener\ParamConverterListener::onKernelController". [] []
[2015-12-01 09:56:46] event.DEBUG: Notified event "kernel.controller" to listener "Sensio\Bundle\FrameworkExtraBundle\EventListener\TemplateListener::onKernelController". [] []
[2015-12-01 09:56:46] event.DEBUG: Notified event "kernel.controller" to listener "Sensio\Bundle\FrameworkExtraBundle\EventListener\TemplateListener::onKernelController". [] []
[2015-12-01 09:56:52] event.DEBUG: Notified event "kernel.response" to listener "Sdz\BlogBundle\Beta\BetaListener::onKernelResponse". [] []
[2015-12-01 09:56:52] event.DEBUG: Listener "Sdz\BlogBundle\Beta\BetaListener::onKernelResponse" stopped propagation of the event "kernel.response". [] []
[2015-12-01 09:56:52] event.DEBUG: Listener "Symfony\Component\HttpKernel\EventListener\ResponseListener::onKernelResponse" was not called for event "kernel.response". [] []
[2015-12-01 09:56:52] event.DEBUG: Notified event "kernel.response" to listener "Sdz\BlogBundle\Beta\BetaListener::onKernelResponse". [] []
[2015-12-01 09:56:52] event.DEBUG: Listener "Symfony\Component\Security\Http\RememberMe\ResponseListener::onKernelResponse" was not called for event "kernel.response". [] []
[2015-12-01 09:56:52] event.DEBUG: Listener "Sensio\Bundle\FrameworkExtraBundle\EventListener\CacheListener::onKernelResponse" was not called for event "kernel.response". [] []
[2015-12-01 09:56:52] event.DEBUG: Listener "Sdz\BlogBundle\Beta\BetaListener::onKernelResponse" stopped propagation of the event "kernel.response". [] []
[2015-12-01 09:56:52] event.DEBUG: Listener "Symfony\Component\HttpKernel\EventListener\StreamedResponseListener::onKernelResponse" was not called for event "kernel.response". [] []
[2015-12-01 09:56:52] event.DEBUG: Listener "Symfony\Component\HttpKernel\EventListener\ResponseListener::onKernelResponse" was not called for event "kernel.response". [] []
[2015-12-01 09:56:52] event.DEBUG: Listener "Symfony\Component\Security\Http\RememberMe\ResponseListener::onKernelResponse" was not called for event "kernel.response". [] []
[2015-12-01 09:56:52] event.DEBUG: Listener "Sensio\Bundle\FrameworkExtraBundle\EventListener\CacheListener::onKernelResponse" was not called for event "kernel.response". [] []
[2015-12-01 09:56:52] event.DEBUG: Listener "Symfony\Component\HttpKernel\EventListener\StreamedResponseListener::onKernelResponse" was not called for event "kernel.response". [] []
[2015-12-01 09:56:52] event.DEBUG: Listener "Symfony\Component\HttpKernel\EventListener\ExceptionListener::onKernelException" stopped propagation of the event "kernel.exception". [] []
[2015-12-01 09:56:52] event.DEBUG: Listener "Symfony\Component\HttpKernel\EventListener\ExceptionListener::onKernelException" stopped propagation of the event "kernel.exception". [] []
[2015-12-01 09:56:52] event.DEBUG: Notified event "kernel.response" to listener "Sdz\BlogBundle\Beta\BetaListener::onKernelResponse". [] []
[2015-12-01 09:56:52] event.DEBUG: Listener "Sdz\BlogBundle\Beta\BetaListener::onKernelResponse" stopped propagation of the event "kernel.response". [] []
[2015-12-01 09:56:52] event.DEBUG: Notified event "kernel.response" to listener "Sdz\BlogBundle\Beta\BetaListener::onKernelResponse". [] []
[2015-12-01 09:56:52] event.DEBUG: Listener "Symfony\Component\HttpKernel\EventListener\ResponseListener::onKernelResponse" was not called for event "kernel.response". [] []
[2015-12-01 09:56:52] event.DEBUG: Listener "Symfony\Component\Security\Http\RememberMe\ResponseListener::onKernelResponse" was not called for event "kernel.response". [] []
[2015-12-01 09:56:52] event.DEBUG: Listener "Sensio\Bundle\FrameworkExtraBundle\EventListener\CacheListener::onKernelResponse" was not called for event "kernel.response". [] []
[2015-12-01 09:56:52] event.DEBUG: Listener "Sdz\BlogBundle\Beta\BetaListener::onKernelResponse" stopped propagation of the event "kernel.response". [] []
[2015-12-01 09:56:52] event.DEBUG: Listener "Symfony\Component\HttpKernel\EventListener\ResponseListener::onKernelResponse" was not called for event "kernel.response". [] []
[2015-12-01 09:56:52] event.DEBUG: Listener "Symfony\Component\HttpKernel\EventListener\StreamedResponseListener::onKernelResponse" was not called for event "kernel.response". [] []
[2015-12-01 09:56:52] event.DEBUG: Listener "Symfony\Component\Security\Http\RememberMe\ResponseListener::onKernelResponse" was not called for event "kernel.response". [] []
[2015-12-01 09:56:52] event.DEBUG: Listener "Sensio\Bundle\FrameworkExtraBundle\EventListener\CacheListener::onKernelResponse" was not called for event "kernel.response". [] []
[2015-12-01 09:56:52] event.DEBUG: Listener "Symfony\Component\HttpKernel\EventListener\StreamedResponseListener::onKernelResponse" was not called for event "kernel.response". [] []
[2015-12-01 09:56:52] event.DEBUG: Notified event "kernel.terminate" to listener "Symfony\Bundle\SwiftmailerBundle\EventListener\EmailSenderListener::onKernelTerminate". [] []
[2015-12-01 09:56:52] event.DEBUG: Notified event "kernel.terminate" to listener "Symfony\Bundle\SwiftmailerBundle\EventListener\EmailSenderListener::onKernelTerminate". [] []
